<?xml version="1.0" encoding="UTF-8"?>
<!-- Generated by org.testng.reporters.JUnitXMLReporter -->
<testsuite ignored="0" hostname="DESKTOP-E21T489" failures="1" tests="1" name="Test" time="24.244" errors="0" timestamp="2023-02-10T11:15:32 IST">
  <testcase classname="com.dinamic.v3.test.tescases.CareTestCases" name="login" time="16.943">
    <failure type="java.lang.NullPointerException" message="Cannot invoke &amp;quot;org.openqa.selenium.JavascriptExecutor.executeScript(String, Object[])&amp;quot; because &amp;quot;this.js&amp;quot; is null">
      <![CDATA[java.lang.NullPointerException: Cannot invoke "org.openqa.selenium.JavascriptExecutor.executeScript(String, Object[])" because "this.js" is null
at com.dinamic.v3.test.pages.CarePage.placeOrder1(CarePage.java:97)
at com.dinamic.v3.test.tescases.CareTestCases.login(CareTestCases.java:38)
at java.base/java.util.ArrayList.forEach(ArrayList.java:1511)
... Removed 27 stack frames]]>
    </failure>
  </testcase> <!-- login -->
</testsuite> <!-- Test -->
