<?xml version="1.0" encoding="UTF-8"?>
<testng-results ignored="0" total="2" passed="2" failed="0" skipped="0">
  <reporter-output>
  </reporter-output>
  <suite started-at="2022-11-29T10:52:05 IST" name="Suite" finished-at="2022-11-29T10:53:02 IST" duration-ms="57608">
    <groups>
    </groups>
    <test started-at="2022-11-29T10:52:05 IST" name="Test" finished-at="2022-11-29T10:53:02 IST" duration-ms="57608">
      <class name="com.dinamic.v3.test.Registration">
        <test-method signature="registration()[pri:0, instance:com.dinamic.v3.test.Registration@76c3e77a]" started-at="2022-11-29T10:52:05 IST" name="registration" finished-at="2022-11-29T10:52:35 IST" duration-ms="30305" status="PASS">
          <reporter-output>
          </reporter-output>
        </test-method> <!-- registration -->
      </class> <!-- com.dinamic.v3.test.Registration -->
      <class name="com.dinamic.v3.test.DeleteCategory">
        <test-method signature="deletingCategory()[pri:0, instance:com.dinamic.v3.test.DeleteCategory@20ccf40b]" started-at="2022-11-29T10:52:35 IST" name="deletingCategory" finished-at="2022-11-29T10:53:02 IST" duration-ms="27148" status="PASS">
          <reporter-output>
          </reporter-output>
        </test-method> <!-- deletingCategory -->
      </class> <!-- com.dinamic.v3.test.DeleteCategory -->
    </test> <!-- Test -->
  </suite> <!-- Suite -->
</testng-results>
