<?xml version="1.0" encoding="UTF-8"?>
<testng-results ignored="7" total="9" passed="2" failed="0" skipped="0">
  <reporter-output>
  </reporter-output>
  <suite started-at="2023-07-18T15:40:26 IST" name="Default suite" finished-at="2023-07-18T15:48:26 IST" duration-ms="480080">
    <groups>
    </groups>
    <test started-at="2023-07-18T15:40:26 IST" name="Default test" finished-at="2023-07-18T15:48:26 IST" duration-ms="480080">
      <class name="com.dinamic.v3.test.tescases.OrdersTestCase">
        <test-method is-config="true" signature="browserConfiguration()[pri:0, instance:com.dinamic.v3.test.tescases.OrdersTestCase@25641d39]" started-at="2023-07-18T15:40:26 IST" name="browserConfiguration" finished-at="2023-07-18T15:40:33 IST" duration-ms="6760" status="PASS">
          <reporter-output>
          </reporter-output>
        </test-method> <!-- browserConfiguration -->
        <test-method signature="login()[pri:1, instance:com.dinamic.v3.test.tescases.OrdersTestCase@25641d39]" started-at="2023-07-18T15:40:33 IST" name="login" finished-at="2023-07-18T15:40:38 IST" duration-ms="5349" status="PASS">
          <reporter-output>
          </reporter-output>
        </test-method> <!-- login -->
        <test-method signature="ordersEntry()[pri:2, instance:com.dinamic.v3.test.tescases.OrdersTestCase@25641d39]" started-at="2023-07-18T15:40:38 IST" name="ordersEntry" finished-at="2023-07-18T15:48:25 IST" duration-ms="467361" status="PASS">
          <reporter-output>
          </reporter-output>
        </test-method> <!-- ordersEntry -->
        <test-method is-config="true" signature="close()[pri:0, instance:com.dinamic.v3.test.tescases.OrdersTestCase@25641d39]" started-at="2023-07-18T15:48:25 IST" name="close" finished-at="2023-07-18T15:48:26 IST" duration-ms="502" status="PASS">
          <reporter-output>
          </reporter-output>
        </test-method> <!-- close -->
      </class> <!-- com.dinamic.v3.test.tescases.OrdersTestCase -->
    </test> <!-- Default test -->
  </suite> <!-- Default suite -->
</testng-results>
