<?xml version="1.0" encoding="UTF-8"?>
<testng-results ignored="0" total="2" passed="2" failed="0" skipped="0">
  <reporter-output>
  </reporter-output>
  <suite started-at="2022-12-19T11:01:49 IST" name="Default suite" finished-at="2022-12-19T11:01:59 IST" duration-ms="9321">
    <groups>
    </groups>
    <test started-at="2022-12-19T11:01:49 IST" name="Default test" finished-at="2022-12-19T11:01:59 IST" duration-ms="9321">
      <class name="com.dinamic.v3.test.tescases.MyAcountTestCase">
        <test-method is-config="true" signature="browserConfiguration()[pri:0, instance:com.dinamic.v3.test.tescases.MyAcountTestCase@6fd83fc1]" started-at="2022-12-19T11:01:49 IST" name="browserConfiguration" finished-at="2022-12-19T11:01:54 IST" duration-ms="4761" status="PASS">
          <reporter-output>
          </reporter-output>
        </test-method> <!-- browserConfiguration -->
        <test-method signature="login()[pri:7, instance:com.dinamic.v3.test.tescases.MyAcountTestCase@6fd83fc1]" started-at="2022-12-19T11:01:54 IST" name="login" finished-at="2022-12-19T11:01:55 IST" duration-ms="317" status="PASS">
          <reporter-output>
          </reporter-output>
        </test-method> <!-- login -->
        <test-method signature="enterPin()[pri:8, instance:com.dinamic.v3.test.tescases.MyAcountTestCase@6fd83fc1]" started-at="2022-12-19T11:01:55 IST" name="enterPin" finished-at="2022-12-19T11:01:59 IST" duration-ms="3943" status="PASS">
          <reporter-output>
          </reporter-output>
        </test-method> <!-- enterPin -->
        <test-method is-config="true" signature="close()[pri:0, instance:com.dinamic.v3.test.tescases.MyAcountTestCase@6fd83fc1]" started-at="2022-12-19T11:01:59 IST" name="close" finished-at="2022-12-19T11:01:59 IST" duration-ms="246" status="PASS">
          <reporter-output>
          </reporter-output>
        </test-method> <!-- close -->
      </class> <!-- com.dinamic.v3.test.tescases.MyAcountTestCase -->
    </test> <!-- Default test -->
  </suite> <!-- Default suite -->
</testng-results>
