<?xml version="1.0" encoding="UTF-8"?>
<testng-results ignored="1" total="5" passed="4" failed="0" skipped="0">
  <reporter-output>
  </reporter-output>
  <suite started-at="2022-12-07T11:19:59 IST" name="Default suite" finished-at="2022-12-07T11:20:19 IST" duration-ms="19804">
    <groups>
    </groups>
    <test started-at="2022-12-07T11:19:59 IST" name="Default test" finished-at="2022-12-07T11:20:19 IST" duration-ms="19804">
      <class name="com.dinamic.v3.test.tescases.OrdersTestCase">
        <test-method is-config="true" signature="browserConfiguration()[pri:0, instance:com.dinamic.v3.test.tescases.OrdersTestCase@1b2abca6]" started-at="2022-12-07T11:19:59 IST" name="browserConfiguration" finished-at="2022-12-07T11:20:05 IST" duration-ms="5534" status="PASS">
          <reporter-output>
          </reporter-output>
        </test-method> <!-- browserConfiguration -->
        <test-method signature="log()[pri:0, instance:com.dinamic.v3.test.tescases.OrdersTestCase@1b2abca6]" started-at="2022-12-07T11:20:05 IST" name="log" finished-at="2022-12-07T11:20:05 IST" duration-ms="305" status="PASS">
          <reporter-output>
          </reporter-output>
        </test-method> <!-- log -->
        <test-method signature="ordersEntry()[pri:1, instance:com.dinamic.v3.test.tescases.OrdersTestCase@1b2abca6]" started-at="2022-12-07T11:20:05 IST" name="ordersEntry" finished-at="2022-12-07T11:20:18 IST" duration-ms="13474" status="PASS">
          <reporter-output>
          </reporter-output>
        </test-method> <!-- ordersEntry -->
        <test-method signature="withoutItemDiscountPrice()[pri:2, instance:com.dinamic.v3.test.tescases.OrdersTestCase@1b2abca6]" started-at="2022-12-07T11:20:18 IST" name="withoutItemDiscountPrice" finished-at="2022-12-07T11:20:18 IST" duration-ms="94" status="PASS">
          <reporter-output>
          </reporter-output>
        </test-method> <!-- withoutItemDiscountPrice -->
        <test-method signature="withItemDiscount()[pri:3, instance:com.dinamic.v3.test.tescases.OrdersTestCase@1b2abca6]" started-at="2022-12-07T11:20:18 IST" name="withItemDiscount" finished-at="2022-12-07T11:20:18 IST" duration-ms="1" status="PASS">
          <reporter-output>
          </reporter-output>
        </test-method> <!-- withItemDiscount -->
        <test-method is-config="true" signature="close()[pri:0, instance:com.dinamic.v3.test.tescases.OrdersTestCase@1b2abca6]" started-at="2022-12-07T11:20:18 IST" name="close" finished-at="2022-12-07T11:20:19 IST" duration-ms="331" status="PASS">
          <reporter-output>
          </reporter-output>
        </test-method> <!-- close -->
      </class> <!-- com.dinamic.v3.test.tescases.OrdersTestCase -->
    </test> <!-- Default test -->
  </suite> <!-- Default suite -->
</testng-results>
