<?xml version="1.0" encoding="UTF-8"?>
<testng-results ignored="0" total="2" passed="2" failed="0" skipped="0">
  <reporter-output>
  </reporter-output>
  <suite started-at="2022-11-30T15:23:46 IST" name="Default suite" finished-at="2022-11-30T15:24:07 IST" duration-ms="20901">
    <groups>
    </groups>
    <test started-at="2022-11-30T15:23:46 IST" name="Default test" finished-at="2022-11-30T15:24:07 IST" duration-ms="20901">
      <class name="com.dinamic.v3.test.ServiceCharge">
        <test-method is-config="true" signature="beforTestMethod()[pri:0, instance:com.dinamic.v3.test.ServiceCharge@1b2abca6]" started-at="2022-11-30T15:23:46 IST" name="beforTestMethod" finished-at="2022-11-30T15:23:46 IST" duration-ms="11" status="PASS">
          <reporter-output>
          </reporter-output>
        </test-method> <!-- beforTestMethod -->
        <test-method signature="enableServiceCharge()[pri:0, instance:com.dinamic.v3.test.ServiceCharge@1b2abca6]" started-at="2022-11-30T15:23:46 IST" name="enableServiceCharge" finished-at="2022-11-30T15:23:57 IST" duration-ms="10906" status="PASS">
          <reporter-output>
          </reporter-output>
        </test-method> <!-- enableServiceCharge -->
        <test-method signature="seviceChargeAdd()[pri:0, instance:com.dinamic.v3.test.ServiceCharge@1b2abca6]" started-at="2022-11-30T15:23:57 IST" name="seviceChargeAdd" finished-at="2022-11-30T15:24:07 IST" duration-ms="9935" status="PASS">
          <reporter-output>
          </reporter-output>
        </test-method> <!-- seviceChargeAdd -->
      </class> <!-- com.dinamic.v3.test.ServiceCharge -->
    </test> <!-- Default test -->
  </suite> <!-- Default suite -->
</testng-results>
