<?xml version="1.0" encoding="UTF-8"?>
<testng-results ignored="0" total="5" passed="4" failed="1" skipped="0">
  <reporter-output>
  </reporter-output>
  <suite started-at="2022-12-12T15:37:40 IST" name="Default suite" finished-at="2022-12-12T15:39:12 IST" duration-ms="92610">
    <groups>
    </groups>
    <test started-at="2022-12-12T15:37:40 IST" name="Default test" finished-at="2022-12-12T15:39:12 IST" duration-ms="92610">
      <class name="com.dinamic.v3.test.tescases.OrdersTestCase">
        <test-method is-config="true" signature="browserConfiguration()[pri:0, instance:com.dinamic.v3.test.tescases.OrdersTestCase@1b2abca6]" started-at="2022-12-12T15:37:40 IST" name="browserConfiguration" finished-at="2022-12-12T15:37:46 IST" duration-ms="6041" status="PASS">
          <reporter-output>
          </reporter-output>
        </test-method> <!-- browserConfiguration -->
        <test-method signature="log()[pri:0, instance:com.dinamic.v3.test.tescases.OrdersTestCase@1b2abca6]" started-at="2022-12-12T15:37:46 IST" name="log" finished-at="2022-12-12T15:37:46 IST" duration-ms="468" status="PASS">
          <reporter-output>
          </reporter-output>
        </test-method> <!-- log -->
        <test-method signature="ordersEntry()[pri:1, instance:com.dinamic.v3.test.tescases.OrdersTestCase@1b2abca6]" started-at="2022-12-12T15:37:46 IST" name="ordersEntry" finished-at="2022-12-12T15:37:54 IST" duration-ms="8032" status="PASS">
          <reporter-output>
          </reporter-output>
        </test-method> <!-- ordersEntry -->
        <test-method signature="withoutItemDiscountPrice()[pri:2, instance:com.dinamic.v3.test.tescases.OrdersTestCase@1b2abca6]" started-at="2022-12-12T15:37:54 IST" name="withoutItemDiscountPrice" finished-at="2022-12-12T15:38:13 IST" duration-ms="19236" status="PASS">
          <reporter-output>
          </reporter-output>
        </test-method> <!-- withoutItemDiscountPrice -->
        <test-method signature="withItemDiscount()[pri:3, instance:com.dinamic.v3.test.tescases.OrdersTestCase@1b2abca6]" started-at="2022-12-12T15:38:13 IST" name="withItemDiscount" finished-at="2022-12-12T15:39:01 IST" duration-ms="47810" status="PASS">
          <reporter-output>
          </reporter-output>
        </test-method> <!-- withItemDiscount -->
        <test-method signature="logout()[pri:4, instance:com.dinamic.v3.test.tescases.OrdersTestCase@1b2abca6]" started-at="2022-12-12T15:39:01 IST" name="logout" finished-at="2022-12-12T15:39:12 IST" duration-ms="10425" status="FAIL">
          <exception class="org.openqa.selenium.TimeoutException">
            <message>
              <![CDATA[Expected condition failed: waiting for element to be clickable: By.xpath: //a[normalize-space()='Logout'] (tried for 10 second(s) with 2000 milliseconds interval)
Build info: version: '4.1.4', revision: '535d840ee2'
System info: host: 'DESKTOP-E21T489', ip: '172.16.1.31', os.name: 'Windows 10', os.arch: 'amd64', os.version: '10.0', java.version: '17.0.2'
Driver info: driver.version: unknown]]>
            </message>
            <full-stacktrace>
              <![CDATA[org.openqa.selenium.TimeoutException: Expected condition failed: waiting for element to be clickable: By.xpath: //a[normalize-space()='Logout'] (tried for 10 second(s) with 2000 milliseconds interval)
Build info: version: '4.1.4', revision: '535d840ee2'
System info: host: 'DESKTOP-E21T489', ip: '172.16.1.31', os.name: 'Windows 10', os.arch: 'amd64', os.version: '10.0', java.version: '17.0.2'
Driver info: driver.version: unknown
at org.openqa.selenium.support.ui.FluentWait.timeoutException(FluentWait.java:263)
at org.openqa.selenium.support.ui.FluentWait.until(FluentWait.java:231)
at com.dinamic.v3.test.pages.OMSPage.logout(OMSPage.java:325)
at com.dinamic.v3.test.tescases.OrdersTestCase.logout(OrdersTestCase.java:68)
at java.base/jdk.internal.reflect.NativeMethodAccessorImpl.invoke0(Native Method)
at java.base/jdk.internal.reflect.NativeMethodAccessorImpl.invoke(NativeMethodAccessorImpl.java:77)
at java.base/jdk.internal.reflect.DelegatingMethodAccessorImpl.invoke(DelegatingMethodAccessorImpl.java:43)
at java.base/java.lang.reflect.Method.invoke(Method.java:568)
at org.testng.internal.MethodInvocationHelper.invokeMethod(MethodInvocationHelper.java:133)
at org.testng.internal.TestInvoker.invokeMethod(TestInvoker.java:598)
at org.testng.internal.TestInvoker.invokeTestMethod(TestInvoker.java:173)
at org.testng.internal.MethodRunner.runInSequence(MethodRunner.java:46)
at org.testng.internal.TestInvoker$MethodInvocationAgent.invoke(TestInvoker.java:824)
at org.testng.internal.TestInvoker.invokeTestMethods(TestInvoker.java:146)
at org.testng.internal.TestMethodWorker.invokeTestMethods(TestMethodWorker.java:146)
at org.testng.internal.TestMethodWorker.run(TestMethodWorker.java:128)
at java.base/java.util.ArrayList.forEach(ArrayList.java:1511)
at org.testng.TestRunner.privateRun(TestRunner.java:794)
at org.testng.TestRunner.run(TestRunner.java:596)
at org.testng.SuiteRunner.runTest(SuiteRunner.java:377)
at org.testng.SuiteRunner.runSequentially(SuiteRunner.java:371)
at org.testng.SuiteRunner.privateRun(SuiteRunner.java:332)
at org.testng.SuiteRunner.run(SuiteRunner.java:276)
at org.testng.SuiteRunnerWorker.runSuite(SuiteRunnerWorker.java:53)
at org.testng.SuiteRunnerWorker.run(SuiteRunnerWorker.java:96)
at org.testng.TestNG.runSuitesSequentially(TestNG.java:1212)
at org.testng.TestNG.runSuitesLocally(TestNG.java:1134)
at org.testng.TestNG.runSuites(TestNG.java:1063)
at org.testng.TestNG.run(TestNG.java:1031)
at org.testng.remote.AbstractRemoteTestNG.run(AbstractRemoteTestNG.java:115)
at org.testng.remote.RemoteTestNG.initAndRun(RemoteTestNG.java:251)
at org.testng.remote.RemoteTestNG.main(RemoteTestNG.java:77)
]]>
            </full-stacktrace>
          </exception> <!-- org.openqa.selenium.TimeoutException -->
          <reporter-output>
          </reporter-output>
        </test-method> <!-- logout -->
        <test-method is-config="true" signature="close()[pri:0, instance:com.dinamic.v3.test.tescases.OrdersTestCase@1b2abca6]" started-at="2022-12-12T15:39:12 IST" name="close" finished-at="2022-12-12T15:39:12 IST" duration-ms="484" status="PASS">
          <reporter-output>
          </reporter-output>
        </test-method> <!-- close -->
      </class> <!-- com.dinamic.v3.test.tescases.OrdersTestCase -->
    </test> <!-- Default test -->
  </suite> <!-- Default suite -->
</testng-results>
