<?xml version="1.0" encoding="UTF-8"?>
<testng-results ignored="1" total="4" passed="3" failed="0" skipped="0">
  <reporter-output>
  </reporter-output>
  <suite started-at="2022-12-05T16:31:08 IST" name="Default suite" finished-at="2022-12-05T16:31:42 IST" duration-ms="34248">
    <groups>
    </groups>
    <test started-at="2022-12-05T16:31:08 IST" name="Default test" finished-at="2022-12-05T16:31:42 IST" duration-ms="34248">
      <class name="com.dinamic.v3.test.tescases.OrdersTestCase">
        <test-method is-config="true" signature="browserConfiguration()[pri:0, instance:com.dinamic.v3.test.tescases.OrdersTestCase@e15b7e8]" started-at="2022-12-05T16:31:08 IST" name="browserConfiguration" finished-at="2022-12-05T16:31:16 IST" duration-ms="8547" status="PASS">
          <reporter-output>
          </reporter-output>
        </test-method> <!-- browserConfiguration -->
        <test-method signature="log()[pri:0, instance:com.dinamic.v3.test.tescases.OrdersTestCase@e15b7e8]" started-at="2022-12-05T16:31:16 IST" name="log" finished-at="2022-12-05T16:31:17 IST" duration-ms="622" status="PASS">
          <reporter-output>
          </reporter-output>
        </test-method> <!-- log -->
        <test-method signature="ordersEntry()[pri:1, instance:com.dinamic.v3.test.tescases.OrdersTestCase@e15b7e8]" started-at="2022-12-05T16:31:17 IST" name="ordersEntry" finished-at="2022-12-05T16:31:41 IST" duration-ms="24010" status="PASS">
          <reporter-output>
          </reporter-output>
        </test-method> <!-- ordersEntry -->
        <test-method signature="withoutItemDiscountPrice()[pri:2, instance:com.dinamic.v3.test.tescases.OrdersTestCase@e15b7e8]" started-at="2022-12-05T16:31:41 IST" name="withoutItemDiscountPrice" finished-at="2022-12-05T16:31:41 IST" duration-ms="271" status="PASS">
          <reporter-output>
          </reporter-output>
        </test-method> <!-- withoutItemDiscountPrice -->
        <test-method is-config="true" signature="close()[pri:0, instance:com.dinamic.v3.test.tescases.OrdersTestCase@e15b7e8]" started-at="2022-12-05T16:31:41 IST" name="close" finished-at="2022-12-05T16:31:42 IST" duration-ms="694" status="PASS">
          <reporter-output>
          </reporter-output>
        </test-method> <!-- close -->
      </class> <!-- com.dinamic.v3.test.tescases.OrdersTestCase -->
    </test> <!-- Default test -->
  </suite> <!-- Default suite -->
</testng-results>
