<?xml version="1.0" encoding="UTF-8"?>
<testng-results ignored="1" total="3" passed="2" failed="0" skipped="0">
  <reporter-output>
  </reporter-output>
  <suite started-at="2022-12-03T15:58:55 IST" name="Default suite" finished-at="2022-12-03T15:59:26 IST" duration-ms="30124">
    <groups>
    </groups>
    <test started-at="2022-12-03T15:58:55 IST" name="Default test" finished-at="2022-12-03T15:59:26 IST" duration-ms="30124">
      <class name="com.dinamic.v3.test.tescases.LoginTestCase">
        <test-method is-config="true" signature="browserConfiguration()[pri:0, instance:com.dinamic.v3.test.tescases.LoginTestCase@4f2b503c]" started-at="2022-12-03T15:58:55 IST" name="browserConfiguration" finished-at="2022-12-03T15:59:01 IST" duration-ms="5720" status="PASS">
          <reporter-output>
          </reporter-output>
        </test-method> <!-- browserConfiguration -->
        <test-method signature="log()[pri:0, instance:com.dinamic.v3.test.tescases.LoginTestCase@4f2b503c]" started-at="2022-12-03T15:59:01 IST" name="log" finished-at="2022-12-03T15:59:01 IST" duration-ms="330" status="PASS">
          <reporter-output>
          </reporter-output>
        </test-method> <!-- log -->
        <test-method signature="ordersEntry()[pri:1, instance:com.dinamic.v3.test.tescases.LoginTestCase@4f2b503c]" started-at="2022-12-03T15:59:01 IST" name="ordersEntry" finished-at="2022-12-03T15:59:25 IST" duration-ms="23688" status="PASS">
          <reporter-output>
          </reporter-output>
        </test-method> <!-- ordersEntry -->
        <test-method is-config="true" signature="close()[pri:0, instance:com.dinamic.v3.test.tescases.LoginTestCase@4f2b503c]" started-at="2022-12-03T15:59:25 IST" name="close" finished-at="2022-12-03T15:59:26 IST" duration-ms="322" status="PASS">
          <reporter-output>
          </reporter-output>
        </test-method> <!-- close -->
      </class> <!-- com.dinamic.v3.test.tescases.LoginTestCase -->
    </test> <!-- Default test -->
  </suite> <!-- Default suite -->
</testng-results>
