<?xml version="1.0" encoding="UTF-8"?>
<testng-results ignored="0" total="1" passed="1" failed="0" skipped="0">
  <reporter-output>
  </reporter-output>
  <suite started-at="2022-11-29T12:15:59 IST" name="Default suite" finished-at="2022-11-29T12:16:30 IST" duration-ms="30940">
    <groups>
    </groups>
    <test started-at="2022-11-29T12:15:59 IST" name="Default test" finished-at="2022-11-29T12:16:30 IST" duration-ms="30940">
      <class name="com.dinamic.v3.test.DeleteCategory">
        <test-method signature="deletingCategory()[pri:0, instance:com.dinamic.v3.test.DeleteCategory@6d4e5011]" started-at="2022-11-29T12:15:59 IST" name="deletingCategory" finished-at="2022-11-29T12:16:30 IST" duration-ms="30725" status="PASS">
          <reporter-output>
          </reporter-output>
        </test-method> <!-- deletingCategory -->
      </class> <!-- com.dinamic.v3.test.DeleteCategory -->
    </test> <!-- Default test -->
  </suite> <!-- Default suite -->
</testng-results>
