<?xml version="1.0" encoding="UTF-8"?>
<testng-results ignored="1" total="5" passed="4" failed="0" skipped="0">
  <reporter-output>
  </reporter-output>
  <suite started-at="2022-12-07T15:35:14 IST" name="Default suite" finished-at="2022-12-07T15:35:57 IST" duration-ms="43764">
    <groups>
    </groups>
    <test started-at="2022-12-07T15:35:14 IST" name="Default test" finished-at="2022-12-07T15:35:57 IST" duration-ms="43764">
      <class name="com.dinamic.v3.test.tescases.OrdersTestCase">
        <test-method is-config="true" signature="browserConfiguration()[pri:0, instance:com.dinamic.v3.test.tescases.OrdersTestCase@1b2abca6]" started-at="2022-12-07T15:35:14 IST" name="browserConfiguration" finished-at="2022-12-07T15:35:18 IST" duration-ms="4571" status="PASS">
          <reporter-output>
          </reporter-output>
        </test-method> <!-- browserConfiguration -->
        <test-method signature="log()[pri:0, instance:com.dinamic.v3.test.tescases.OrdersTestCase@1b2abca6]" started-at="2022-12-07T15:35:18 IST" name="log" finished-at="2022-12-07T15:35:18 IST" duration-ms="307" status="PASS">
          <reporter-output>
          </reporter-output>
        </test-method> <!-- log -->
        <test-method signature="ordersEntry()[pri:1, instance:com.dinamic.v3.test.tescases.OrdersTestCase@1b2abca6]" started-at="2022-12-07T15:35:18 IST" name="ordersEntry" finished-at="2022-12-07T15:35:34 IST" duration-ms="16002" status="PASS">
          <reporter-output>
          </reporter-output>
        </test-method> <!-- ordersEntry -->
        <test-method signature="withoutItemDiscountPrice()[pri:2, instance:com.dinamic.v3.test.tescases.OrdersTestCase@1b2abca6]" started-at="2022-12-07T15:35:34 IST" name="withoutItemDiscountPrice" finished-at="2022-12-07T15:35:35 IST" duration-ms="122" status="PASS">
          <reporter-output>
          </reporter-output>
        </test-method> <!-- withoutItemDiscountPrice -->
        <test-method signature="withItemDiscount()[pri:3, instance:com.dinamic.v3.test.tescases.OrdersTestCase@1b2abca6]" started-at="2022-12-07T15:35:35 IST" name="withItemDiscount" finished-at="2022-12-07T15:35:57 IST" duration-ms="22310" status="PASS">
          <reporter-output>
          </reporter-output>
        </test-method> <!-- withItemDiscount -->
        <test-method is-config="true" signature="close()[pri:0, instance:com.dinamic.v3.test.tescases.OrdersTestCase@1b2abca6]" started-at="2022-12-07T15:35:57 IST" name="close" finished-at="2022-12-07T15:35:57 IST" duration-ms="369" status="PASS">
          <reporter-output>
          </reporter-output>
        </test-method> <!-- close -->
      </class> <!-- com.dinamic.v3.test.tescases.OrdersTestCase -->
    </test> <!-- Default test -->
  </suite> <!-- Default suite -->
</testng-results>
