<?xml version="1.0" encoding="UTF-8"?>
<testng-results ignored="0" total="1" passed="1" failed="0" skipped="0">
  <reporter-output>
  </reporter-output>
  <suite started-at="2022-11-28T12:27:44 IST" name="Default suite" finished-at="2022-11-28T12:30:57 IST" duration-ms="192998">
    <groups>
    </groups>
    <test started-at="2022-11-28T12:27:44 IST" name="Default test" finished-at="2022-11-28T12:30:57 IST" duration-ms="192998">
      <class name="com.dinamic.v3.test.AddCategory">
        <test-method signature="categoryAdding()[pri:0, instance:com.dinamic.v3.test.AddCategory@32b260fa]" started-at="2022-11-28T12:27:44 IST" name="categoryAdding" finished-at="2022-11-28T12:30:57 IST" duration-ms="192910" status="PASS">
          <reporter-output>
          </reporter-output>
        </test-method> <!-- categoryAdding -->
      </class> <!-- com.dinamic.v3.test.AddCategory -->
    </test> <!-- Default test -->
  </suite> <!-- Default suite -->
</testng-results>
