<?xml version="1.0" encoding="UTF-8"?>
<testng-results ignored="0" total="5" passed="5" failed="0" skipped="0">
  <reporter-output>
  </reporter-output>
  <suite started-at="2022-12-12T16:55:10 IST" name="Default suite" finished-at="2022-12-12T16:56:23 IST" duration-ms="72828">
    <groups>
    </groups>
    <test started-at="2022-12-12T16:55:10 IST" name="Default test" finished-at="2022-12-12T16:56:23 IST" duration-ms="72828">
      <class name="com.dinamic.v3.test.tescases.OrdersTestCase">
        <test-method is-config="true" signature="browserConfiguration()[pri:0, instance:com.dinamic.v3.test.tescases.OrdersTestCase@209da20d]" started-at="2022-12-12T16:55:10 IST" name="browserConfiguration" finished-at="2022-12-12T16:55:14 IST" duration-ms="4038" status="PASS">
          <reporter-output>
          </reporter-output>
        </test-method> <!-- browserConfiguration -->
        <test-method signature="log()[pri:0, instance:com.dinamic.v3.test.tescases.OrdersTestCase@209da20d]" started-at="2022-12-12T16:55:14 IST" name="log" finished-at="2022-12-12T16:55:14 IST" duration-ms="336" status="PASS">
          <reporter-output>
          </reporter-output>
        </test-method> <!-- log -->
        <test-method signature="ordersEntry()[pri:1, instance:com.dinamic.v3.test.tescases.OrdersTestCase@209da20d]" started-at="2022-12-12T16:55:14 IST" name="ordersEntry" finished-at="2022-12-12T16:55:21 IST" duration-ms="6042" status="PASS">
          <reporter-output>
          </reporter-output>
        </test-method> <!-- ordersEntry -->
        <test-method signature="withoutItemDiscountPrice()[pri:2, instance:com.dinamic.v3.test.tescases.OrdersTestCase@209da20d]" started-at="2022-12-12T16:55:21 IST" name="withoutItemDiscountPrice" finished-at="2022-12-12T16:55:35 IST" duration-ms="14049" status="PASS">
          <reporter-output>
          </reporter-output>
        </test-method> <!-- withoutItemDiscountPrice -->
        <test-method signature="withItemDiscount()[pri:3, instance:com.dinamic.v3.test.tescases.OrdersTestCase@209da20d]" started-at="2022-12-12T16:55:35 IST" name="withItemDiscount" finished-at="2022-12-12T16:56:19 IST" duration-ms="44587" status="PASS">
          <reporter-output>
          </reporter-output>
        </test-method> <!-- withItemDiscount -->
        <test-method signature="logout()[pri:4, instance:com.dinamic.v3.test.tescases.OrdersTestCase@209da20d]" started-at="2022-12-12T16:56:19 IST" name="logout" finished-at="2022-12-12T16:56:23 IST" duration-ms="3391" status="PASS">
          <reporter-output>
          </reporter-output>
        </test-method> <!-- logout -->
        <test-method is-config="true" signature="close()[pri:0, instance:com.dinamic.v3.test.tescases.OrdersTestCase@209da20d]" started-at="2022-12-12T16:56:23 IST" name="close" finished-at="2022-12-12T16:56:23 IST" duration-ms="329" status="PASS">
          <reporter-output>
          </reporter-output>
        </test-method> <!-- close -->
      </class> <!-- com.dinamic.v3.test.tescases.OrdersTestCase -->
    </test> <!-- Default test -->
  </suite> <!-- Default suite -->
</testng-results>
