# JRE version: OpenJDK Runtime Environment Temurin-11.0.15+10 (11.0.15+10) (build 11.0.15+10)
# Java VM: OpenJDK 64-Bit Server VM Temurin-11.0.15+10 (11.0.15+10, mixed mode, tiered, compressed oops, g1 gc, windows-amd64)
Heap:
 garbage-first heap   total 157696K, used 68609K [0x0000000081c00000, 0x0000000100000000)
  region size 1024K, 42 young (43008K), 5 survivors (5120K)
 Metaspace       used 34606K, capacity 35408K, committed 35584K, reserved 1081344K
  class space    used 3758K, capacity 4056K, committed 4096K, reserved 1048576K
GC Heap History (16 events):
Event: 0.696 GC heap before
{Heap before GC invocations=0 (full 0):
 garbage-first heap   total 131072K, used 13312K [0x0000000081c00000, 0x0000000100000000)
  region size 1024K, 14 young (14336K), 0 survivors (0K)
 Metaspace       used 9816K, capacity 9954K, committed 10240K, reserved 1058816K
  class space    used 894K, capacity 955K, committed 1024K, reserved 1048576K
}
Event: 0.702 GC heap after
{Heap after GC invocations=1 (full 0):
 garbage-first heap   total 131072K, used 4408K [0x0000000081c00000, 0x0000000100000000)
  region size 1024K, 2 young (2048K), 2 survivors (2048K)
 Metaspace       used 9816K, capacity 9954K, committed 10240K, reserved 1058816K
  class space    used 894K, capacity 955K, committed 1024K, reserved 1048576K
}
Event: 1.189 GC heap before
{Heap before GC invocations=1 (full 0):
 garbage-first heap   total 131072K, used 12600K [0x0000000081c00000, 0x0000000100000000)
  region size 1024K, 10 young (10240K), 2 survivors (2048K)
 Metaspace       used 14209K, capacity 14500K, committed 14592K, reserved 1062912K
  class space    used 1383K, capacity 1516K, committed 1536K, reserved 1048576K
}
Event: 1.195 GC heap after
{Heap after GC invocations=2 (full 0):
 garbage-first heap   total 131072K, used 6181K [0x0000000081c00000, 0x0000000100000000)
  region size 1024K, 2 young (2048K), 2 survivors (2048K)
 Metaspace       used 14209K, capacity 14500K, committed 14592K, reserved 1062912K
  class space    used 1383K, capacity 1516K, committed 1536K, reserved 1048576K
}
Event: 2.136 GC heap before
{Heap before GC invocations=2 (full 0):
 garbage-first heap   total 131072K, used 25637K [0x0000000081c00000, 0x0000000100000000)
  region size 1024K, 22 young (22528K), 2 survivors (2048K)
 Metaspace       used 20869K, capacity 21194K, committed 21248K, reserved 1069056K
  class space    used 2151K, capacity 2274K, committed 2304K, reserved 1048576K
}
Event: 2.143 GC heap after
{Heap after GC invocations=3 (full 0):
 garbage-first heap   total 131072K, used 8044K [0x0000000081c00000, 0x0000000100000000)
  region size 1024K, 4 young (4096K), 4 survivors (4096K)
 Metaspace       used 20869K, capacity 21194K, committed 21248K, reserved 1069056K
  class space    used 2151K, capacity 2274K, committed 2304K, reserved 1048576K
}
Event: 3.022 GC heap before
{Heap before GC invocations=4 (full 0):
 garbage-first heap   total 131072K, used 40812K [0x0000000081c00000, 0x0000000100000000)
  region size 1024K, 36 young (36864K), 4 survivors (4096K)
 Metaspace       used 27323K, capacity 27921K, committed 28160K, reserved 1075200K
  class space    used 3026K, capacity 3252K, committed 3328K, reserved 1048576K
}
Event: 3.028 GC heap after
{Heap after GC invocations=5 (full 0):
 garbage-first heap   total 131072K, used 9799K [0x0000000081c00000, 0x0000000100000000)
  region size 1024K, 4 young (4096K), 4 survivors (4096K)
 Metaspace       used 27323K, capacity 27921K, committed 28160K, reserved 1075200K
  class space    used 3026K, capacity 3252K, committed 3328K, reserved 1048576K
}
Event: 38.699 GC heap before
{Heap before GC invocations=5 (full 0):
 garbage-first heap   total 131072K, used 81479K [0x0000000081c00000, 0x0000000100000000)
  region size 1024K, 65 young (66560K), 4 survivors (4096K)
 Metaspace       used 33162K, capacity 33955K, committed 34048K, reserved 1079296K
  class space    used 3722K, capacity 4024K, committed 4096K, reserved 1048576K
}
Event: 38.711 GC heap after
{Heap after GC invocations=6 (full 0):
 garbage-first heap   total 157696K, used 22614K [0x0000000081c00000, 0x0000000100000000)
  region size 1024K, 7 young (7168K), 7 survivors (7168K)
 Metaspace       used 33162K, capacity 33955K, committed 34048K, reserved 1079296K
  class space    used 3722K, capacity 4024K, committed 4096K, reserved 1048576K
}
Event: 40.706 GC heap before
{Heap before GC invocations=6 (full 0):
 garbage-first heap   total 157696K, used 94294K [0x0000000081c00000, 0x0000000100000000)
  region size 1024K, 78 young (79872K), 7 survivors (7168K)
 Metaspace       used 33572K, capacity 34319K, committed 34560K, reserved 1079296K
  class space    used 3738K, capacity 4034K, committed 4096K, reserved 1048576K
}
Event: 40.717 GC heap after
{Heap after GC invocations=7 (full 0):
 garbage-first heap   total 157696K, used 22598K [0x0000000081c00000, 0x0000000100000000)
  region size 1024K, 5 young (5120K), 5 survivors (5120K)
 Metaspace       used 33572K, capacity 34319K, committed 34560K, reserved 1079296K
  class space    used 3738K, capacity 4034K, committed 4096K, reserved 1048576K
}
Event: 44.387 GC heap before
{Heap before GC invocations=7 (full 0):
 garbage-first heap   total 157696K, used 110662K [0x0000000081c00000, 0x0000000100000000)
  region size 1024K, 92 young (94208K), 5 survivors (5120K)
 Metaspace       used 33802K, capacity 34660K, committed 34816K, reserved 1079296K
  class space    used 3738K, capacity 4034K, committed 4096K, reserved 1048576K
}
Event: 44.393 GC heap after
{Heap after GC invocations=8 (full 0):
 garbage-first heap   total 157696K, used 22539K [0x0000000081c00000, 0x0000000100000000)
  region size 1024K, 5 young (5120K), 5 survivors (5120K)
 Metaspace       used 33802K, capacity 34660K, committed 34816K, reserved 1079296K
  class space    used 3738K, capacity 4034K, committed 4096K, reserved 1048576K
}
Event: 89.351 GC heap before
{Heap before GC invocations=8 (full 0):
 garbage-first heap   total 157696K, used 110603K [0x0000000081c00000, 0x0000000100000000)
  region size 1024K, 92 young (94208K), 5 survivors (5120K)
 Metaspace       used 34245K, capacity 35079K, committed 35328K, reserved 1081344K
  class space    used 3748K, capacity 4046K, committed 4096K, reserved 1048576K
}
Event: 89.356 GC heap after
{Heap after GC invocations=9 (full 0):
 garbage-first heap   total 157696K, used 22529K [0x0000000081c00000, 0x0000000100000000)
  region size 1024K, 5 young (5120K), 5 survivors (5120K)
 Metaspace       used 34245K, capacity 35079K, committed 35328K, reserved 1081344K
  class space    used 3748K, capacity 4046K, committed 4096K, reserved 1048576K
}

