<?xml version="1.0" encoding="UTF-8"?>
<!-- Generated by org.testng.reporters.JUnitXMLReporter -->
<testsuite ignored="0" hostname="DESKTOP-E21T489" failures="0" tests="5" name="Default test" time="72.828" errors="0" timestamp="2022-12-12T16:56:23 IST">
  <testcase classname="com.dinamic.v3.test.tescases.OrdersTestCase" name="log" time="0.336"/>
  <testcase classname="com.dinamic.v3.test.tescases.OrdersTestCase" name="ordersEntry" time="6.042"/>
  <testcase classname="com.dinamic.v3.test.tescases.OrdersTestCase" name="withoutItemDiscountPrice" time="14.049"/>
  <testcase classname="com.dinamic.v3.test.tescases.OrdersTestCase" name="withItemDiscount" time="44.587"/>
  <testcase classname="com.dinamic.v3.test.tescases.OrdersTestCase" name="logout" time="3.391"/>
</testsuite> <!-- Default test -->
