<?xml version="1.0" encoding="UTF-8"?>
<!-- Generated by org.testng.reporters.JUnitXMLReporter -->
<testsuite ignored="7" hostname="DESKTOP-E21T489" failures="0" tests="2" name="Default test" time="480.08" errors="0" timestamp="2023-07-18T15:48:26 IST">
  <testcase classname="com.dinamic.v3.test.tescases.OrdersTestCase" name="login" time="5.349"/>
  <testcase classname="com.dinamic.v3.test.tescases.OrdersTestCase" name="ordersEntry" time="467.361"/>
  <testcase classname="com.dinamic.v3.test.tescases.OrdersTestCase" name="logout" time="0.0">
    <ignored/>
  </testcase> <!-- logout -->
  <testcase classname="com.dinamic.v3.test.tescases.OrdersTestCase" name="tableName" time="0.0">
    <ignored/>
  </testcase> <!-- tableName -->
  <testcase classname="com.dinamic.v3.test.tescases.OrdersTestCase" name="orderDiscount" time="0.0">
    <ignored/>
  </testcase> <!-- orderDiscount -->
  <testcase classname="com.dinamic.v3.test.tescases.OrdersTestCase" name="withoutItemDiscountPrice" time="0.0">
    <ignored/>
  </testcase> <!-- withoutItemDiscountPrice -->
  <testcase classname="com.dinamic.v3.test.tescases.OrdersTestCase" name="cancelOrder" time="0.0">
    <ignored/>
  </testcase> <!-- cancelOrder -->
  <testcase classname="com.dinamic.v3.test.tescases.OrdersTestCase" name="care" time="0.0">
    <ignored/>
  </testcase> <!-- care -->
  <testcase classname="com.dinamic.v3.test.tescases.OrdersTestCase" name="withItemDiscount" time="0.0">
    <ignored/>
  </testcase> <!-- withItemDiscount -->
</testsuite> <!-- Default test -->
