<?xml version="1.0" encoding="UTF-8"?>
<!-- Generated by org.testng.reporters.JUnitXMLReporter -->
<testsuite ignored="2" hostname="DESKTOP-E21T489" failures="0" tests="6" name="Default test" time="61.424" errors="0" timestamp="2022-12-05T11:45:26 IST">
  <testcase classname="com.dinamic.v3.test.EditingCompanyDetails" name="deletingCategory" time="8.643"/>
  <testcase classname="com.dinamic.v3.test.tescases.OrdersTestCase" name="log" time="0.29"/>
  <testcase classname="com.dinamic.v3.test.tescases.OrdersTestCase" name="withoutItemDiscountPrice" time="0.002"/>
  <testcase classname="com.dinamic.v3.test.tescases.OrdersTestCase" name="ordersEntry" time="25.317"/>
  <testcase classname="com.dinamic.v3.test.ServiceCharge" name="enableServiceCharge" time="10.574"/>
  <testcase classname="com.dinamic.v3.test.ServiceCharge" name="seviceChargeAdd" time="11.688"/>
  <testcase classname="com.dinamic.v3.test.tescases.OrdersTestCase" name="logout" time="0.0">
    <ignored/>
  </testcase> <!-- logout -->
  <testcase classname="com.dinamic.v3.test.Registration" name="registration" time="0.0">
    <ignored/>
  </testcase> <!-- registration -->
</testsuite> <!-- Default test -->
