<?xml version="1.0" encoding="UTF-8"?>
<!-- Generated by org.testng.reporters.JUnitXMLReporter -->
<testsuite ignored="0" hostname="DESKTOP-E21T489" failures="0" tests="7" name="Default test" time="81.958" errors="0" timestamp="2022-12-13T12:53:46 IST">
  <testcase classname="com.dinamic.v3.test.tescases.OrdersTestCase" name="login" time="0.332"/>
  <testcase classname="com.dinamic.v3.test.tescases.OrdersTestCase" name="ordersEntry" time="5.805"/>
  <testcase classname="com.dinamic.v3.test.tescases.OrdersTestCase" name="withoutItemDiscountPrice" time="16.029"/>
  <testcase classname="com.dinamic.v3.test.tescases.OrdersTestCase" name="withItemDiscount" time="44.347"/>
  <testcase classname="com.dinamic.v3.test.tescases.OrdersTestCase" name="orderDiscount" time="4.486"/>
  <testcase classname="com.dinamic.v3.test.tescases.OrdersTestCase" name="tableName" time="2.45"/>
  <testcase classname="com.dinamic.v3.test.tescases.OrdersTestCase" name="logout" time="3.378"/>
</testsuite> <!-- Default test -->
