<?xml version="1.0" encoding="UTF-8"?>
<!-- Generated by org.testng.reporters.JUnitXMLReporter -->
<testsuite ignored="1" hostname="DESKTOP-E21T489" failures="0" tests="4" name="Default test" time="120.977" errors="0" timestamp="2022-12-06T17:25:41 IST">
  <testcase classname="com.dinamic.v3.test.tescases.OrdersTestCase" name="log" time="0.996"/>
  <testcase classname="com.dinamic.v3.test.tescases.OrdersTestCase" name="ordersEntry" time="34.957"/>
  <testcase classname="com.dinamic.v3.test.tescases.OrdersTestCase" name="withoutItemDiscountPrice" time="0.496"/>
  <testcase classname="com.dinamic.v3.test.tescases.OrdersTestCase" name="withItemDiscount" time="67.587"/>
  <testcase classname="com.dinamic.v3.test.tescases.OrdersTestCase" name="logout" time="0.0">
    <ignored/>
  </testcase> <!-- logout -->
</testsuite> <!-- Default test -->
