<?xml version="1.0" encoding="UTF-8"?>
<!-- Generated by org.testng.reporters.JUnitXMLReporter -->
<testsuite ignored="7" hostname="DESKTOP-E21T489" failures="1" tests="2" name="Default test" time="159.824" errors="0" timestamp="2023-03-11T10:13:04 IST">
  <testcase classname="com.dinamic.v3.test.tescases.OrdersTestCase" name="login" time="5.301"/>
  <testcase classname="com.dinamic.v3.test.tescases.OrdersTestCase" name="ordersEntry" time="148.994">
    <failure type="java.lang.IndexOutOfBoundsException" message="Index 0 out of bounds for length 0">
      <![CDATA[java.lang.IndexOutOfBoundsException: Index 0 out of bounds for length 0
at java.base/jdk.internal.util.Preconditions.outOfBounds(Preconditions.java:64)
at java.base/jdk.internal.util.Preconditions.outOfBoundsCheckIndex(Preconditions.java:70)
at java.base/jdk.internal.util.Preconditions.checkIndex(Preconditions.java:266)
at java.base/java.util.Objects.checkIndex(Objects.java:359)
at java.base/java.util.ArrayList.get(ArrayList.java:427)
at com.dinamic.v3.test.pages.OMSPage.viewButtonOrdering(OMSPage.java:286)
at com.dinamic.v3.test.tescases.OrdersTestCase.ordersEntry(OrdersTestCase.java:60)
at java.base/jdk.internal.reflect.NativeMethodAccessorImpl.invoke0(Native Method)
at java.base/jdk.internal.reflect.NativeMethodAccessorImpl.invoke(NativeMethodAccessorImpl.java:77)
at java.base/jdk.internal.reflect.DelegatingMethodAccessorImpl.invoke(DelegatingMethodAccessorImpl.java:43)
at java.base/java.lang.reflect.Method.invoke(Method.java:568)
at org.testng.internal.MethodInvocationHelper.invokeMethod(MethodInvocationHelper.java:133)
at org.testng.internal.TestInvoker.invokeMethod(TestInvoker.java:598)
at org.testng.internal.TestInvoker.invokeTestMethod(TestInvoker.java:173)
at org.testng.internal.MethodRunner.runInSequence(MethodRunner.java:46)
at org.testng.internal.TestInvoker$MethodInvocationAgent.invoke(TestInvoker.java:824)
at org.testng.internal.TestInvoker.invokeTestMethods(TestInvoker.java:146)
at org.testng.internal.TestMethodWorker.invokeTestMethods(TestMethodWorker.java:146)
at org.testng.internal.TestMethodWorker.run(TestMethodWorker.java:128)
at java.base/java.util.ArrayList.forEach(ArrayList.java:1511)
at org.testng.TestRunner.privateRun(TestRunner.java:794)
at org.testng.TestRunner.run(TestRunner.java:596)
at org.testng.SuiteRunner.runTest(SuiteRunner.java:377)
at org.testng.SuiteRunner.runSequentially(SuiteRunner.java:371)
at org.testng.SuiteRunner.privateRun(SuiteRunner.java:332)
at org.testng.SuiteRunner.run(SuiteRunner.java:276)
at org.testng.SuiteRunnerWorker.runSuite(SuiteRunnerWorker.java:53)
at org.testng.SuiteRunnerWorker.run(SuiteRunnerWorker.java:96)
at org.testng.TestNG.runSuitesSequentially(TestNG.java:1212)
at org.testng.TestNG.runSuitesLocally(TestNG.java:1134)
at org.testng.TestNG.runSuites(TestNG.java:1063)
at org.testng.TestNG.run(TestNG.java:1031)
at org.testng.remote.AbstractRemoteTestNG.run(AbstractRemoteTestNG.java:115)
at org.testng.remote.RemoteTestNG.initAndRun(RemoteTestNG.java:251)
at org.testng.remote.RemoteTestNG.main(RemoteTestNG.java:77)
]]>
    </failure>
  </testcase> <!-- ordersEntry -->
  <testcase classname="com.dinamic.v3.test.tescases.OrdersTestCase" name="cancelOrder" time="0.0">
    <ignored/>
  </testcase> <!-- cancelOrder -->
  <testcase classname="com.dinamic.v3.test.tescases.OrdersTestCase" name="withItemDiscount" time="0.0">
    <ignored/>
  </testcase> <!-- withItemDiscount -->
  <testcase classname="com.dinamic.v3.test.tescases.OrdersTestCase" name="logout" time="0.0">
    <ignored/>
  </testcase> <!-- logout -->
  <testcase classname="com.dinamic.v3.test.tescases.OrdersTestCase" name="withoutItemDiscountPrice" time="0.0">
    <ignored/>
  </testcase> <!-- withoutItemDiscountPrice -->
  <testcase classname="com.dinamic.v3.test.tescases.OrdersTestCase" name="tableName" time="0.0">
    <ignored/>
  </testcase> <!-- tableName -->
  <testcase classname="com.dinamic.v3.test.tescases.OrdersTestCase" name="care" time="0.0">
    <ignored/>
  </testcase> <!-- care -->
  <testcase classname="com.dinamic.v3.test.tescases.OrdersTestCase" name="orderDiscount" time="0.0">
    <ignored/>
  </testcase> <!-- orderDiscount -->
</testsuite> <!-- Default test -->
