<?xml version="1.0" encoding="UTF-8"?>
<!-- Generated by org.testng.reporters.JUnitXMLReporter -->
<testsuite ignored="1" hostname="DESKTOP-E21T489" failures="0" tests="2" name="Default test" time="30.124" errors="0" timestamp="2022-12-03T15:59:26 IST">
  <testcase classname="com.dinamic.v3.test.tescases.LoginTestCase" name="log" time="0.33"/>
  <testcase classname="com.dinamic.v3.test.tescases.LoginTestCase" name="ordersEntry" time="23.688"/>
  <testcase classname="com.dinamic.v3.test.tescases.LoginTestCase" name="logout" time="0.0">
    <ignored/>
  </testcase> <!-- logout -->
</testsuite> <!-- Default test -->
