<?xml version="1.0" encoding="UTF-8"?>
<!-- Generated by org.testng.reporters.JUnitXMLReporter -->
<testsuite ignored="2" hostname="DESKTOP-E21T489" failures="0" tests="6" name="Default test" time="76.942" errors="0" timestamp="2022-12-05T11:53:34 IST">
  <testcase classname="com.dinamic.v3.test.tescases.EditingCompanyDetails" name="deletingCategory" time="8.501"/>
  <testcase classname="com.dinamic.v3.test.tescases.ServiceCharge" name="enableServiceCharge" time="8.702"/>
  <testcase classname="com.dinamic.v3.test.tescases.ServiceCharge" name="seviceChargeAdd" time="25.122"/>
  <testcase classname="com.dinamic.v3.test.tescases.OrdersTestCase" name="log" time="0.269"/>
  <testcase classname="com.dinamic.v3.test.tescases.OrdersTestCase" name="withoutItemDiscountPrice" time="0.003"/>
  <testcase classname="com.dinamic.v3.test.tescases.OrdersTestCase" name="ordersEntry" time="26.748"/>
  <testcase classname="com.dinamic.v3.test.tescases.OrdersTestCase" name="logout" time="0.0">
    <ignored/>
  </testcase> <!-- logout -->
  <testcase classname="com.dinamic.v3.test.tescases.Registration" name="registration" time="0.0">
    <ignored/>
  </testcase> <!-- registration -->
</testsuite> <!-- Default test -->
