<?xml version="1.0" encoding="UTF-8"?>
<!-- Generated by org.testng.reporters.JUnitXMLReporter -->
<testsuite ignored="7" hostname="DESKTOP-E21T489" failures="1" tests="2" name="Default test" time="53.445" errors="0" timestamp="2023-03-09T17:04:48 IST">
  <testcase classname="com.dinamic.v3.test.tescases.OrdersTestCase" name="login" time="5.304"/>
  <testcase classname="com.dinamic.v3.test.tescases.OrdersTestCase" name="ordersEntry" time="42.582">
    <failure type="org.openqa.selenium.ElementClickInterceptedException" message="element click intercepted: Element &amp;lt;img _ngcontent-ocr-c42=&amp;quot;&amp;quot; src=&amp;quot;assets/images/logo/dinamic-blogo.svg&amp;quot; alt=&amp;quot;logo&amp;quot; class=&amp;quot;dlogo&amp;quot;&amp;gt; is not clickable at point (71, 29). Other element would receive the click: &amp;lt;div _ngcontent-ocr-c47=&amp;quot;&amp;quot; id=&amp;quot;remove_order_prompt&amp;quot; data-backdrop=&amp;quot;static&amp;quot; class=&amp;quot;modal custom-modal show&amp;quot; aria-modal=&amp;quot;true&amp;quot; role=&amp;quot;dialog&amp;quot; style=&amp;quot;display: block;&amp;quot;&amp;gt;...&amp;lt;/div&amp;gt;
  (Session info: chrome=110.0.5481.178)
Build info: version: &amp;apos;4.1.4&amp;apos;, revision: &amp;apos;535d840ee2&amp;apos;
System info: host: &amp;apos;DESKTOP-E21T489&amp;apos;, ip: &amp;apos;172.30.0.1&amp;apos;, os.name: &amp;apos;Windows 10&amp;apos;, os.arch: &amp;apos;amd64&amp;apos;, os.version: &amp;apos;10.0&amp;apos;, java.version: &amp;apos;17.0.2&amp;apos;
Driver info: org.openqa.selenium.chrome.ChromeDriver
Command: [94979494b6007cf154951110b3a1ef17, clickElement {id=b477eacb-e0cc-49aa-a8c7-936875a7894f}]
Capabilities {acceptInsecureCerts: false, browserName: chrome, browserVersion: 110.0.5481.178, chrome: {chromedriverVersion: 109.0.5414.74 (e7c5703604da..., userDataDir: C:\Users\white\AppData\Loca...}, goog:chromeOptions: {debuggerAddress: localhost:63377}, javascriptEnabled: true, networkConnectionEnabled: false, pageLoadStrategy: normal, platform: WINDOWS, platformName: WINDOWS, proxy: Proxy(), se:cdp: ws://localhost:63377/devtoo..., se:cdpVersion: 110.0.5481.178, setWindowRect: true, strictFileInteractability: false, timeouts: {implicit: 0, pageLoad: 300000, script: 30000}, unhandledPromptBehavior: dismiss and notify, webauthn:extension:credBlob: true, webauthn:extension:largeBlob: true, webauthn:virtualAuthenticators: true}
Element: [[ChromeDriver: chrome on WINDOWS (94979494b6007cf154951110b3a1ef17)] -&amp;gt; xpath: //img[@alt=&amp;apos;logo&amp;apos;]]
Session ID: 94979494b6007cf154951110b3a1ef17">
      <![CDATA[org.openqa.selenium.ElementClickInterceptedException: element click intercepted: Element <img _ngcontent-ocr-c42="" src="assets/images/logo/dinamic-blogo.svg" alt="logo" class="dlogo"> is not clickable at point (71, 29). Other element would receive the click: <div _ngcontent-ocr-c47="" id="remove_order_prompt" data-backdrop="static" class="modal custom-modal show" aria-modal="true" role="dialog" style="display: block;">...</div>
  (Session info: chrome=110.0.5481.178)
Build info: version: '4.1.4', revision: '535d840ee2'
System info: host: 'DESKTOP-E21T489', ip: '172.30.0.1', os.name: 'Windows 10', os.arch: 'amd64', os.version: '10.0', java.version: '17.0.2'
Driver info: org.openqa.selenium.chrome.ChromeDriver
Command: [94979494b6007cf154951110b3a1ef17, clickElement {id=b477eacb-e0cc-49aa-a8c7-936875a7894f}]
Capabilities {acceptInsecureCerts: false, browserName: chrome, browserVersion: 110.0.5481.178, chrome: {chromedriverVersion: 109.0.5414.74 (e7c5703604da..., userDataDir: C:\Users\white\AppData\Loca...}, goog:chromeOptions: {debuggerAddress: localhost:63377}, javascriptEnabled: true, networkConnectionEnabled: false, pageLoadStrategy: normal, platform: WINDOWS, platformName: WINDOWS, proxy: Proxy(), se:cdp: ws://localhost:63377/devtoo..., se:cdpVersion: 110.0.5481.178, setWindowRect: true, strictFileInteractability: false, timeouts: {implicit: 0, pageLoad: 300000, script: 30000}, unhandledPromptBehavior: dismiss and notify, webauthn:extension:credBlob: true, webauthn:extension:largeBlob: true, webauthn:virtualAuthenticators: true}
Element: [[ChromeDriver: chrome on WINDOWS (94979494b6007cf154951110b3a1ef17)] -> xpath: //img[@alt='logo']]
Session ID: 94979494b6007cf154951110b3a1ef17
at java.base/jdk.internal.reflect.NativeConstructorAccessorImpl.newInstance0(Native Method)
at java.base/jdk.internal.reflect.NativeConstructorAccessorImpl.newInstance(NativeConstructorAccessorImpl.java:77)
at java.base/jdk.internal.reflect.DelegatingConstructorAccessorImpl.newInstance(DelegatingConstructorAccessorImpl.java:45)
at java.base/java.lang.reflect.Constructor.newInstanceWithCaller(Constructor.java:499)
at java.base/java.lang.reflect.Constructor.newInstance(Constructor.java:480)
at org.openqa.selenium.remote.codec.w3c.W3CHttpResponseCodec.createException(W3CHttpResponseCodec.java:200)
at org.openqa.selenium.remote.codec.w3c.W3CHttpResponseCodec.decode(W3CHttpResponseCodec.java:133)
at org.openqa.selenium.remote.codec.w3c.W3CHttpResponseCodec.decode(W3CHttpResponseCodec.java:53)
at org.openqa.selenium.remote.HttpCommandExecutor.execute(HttpCommandExecutor.java:184)
at org.openqa.selenium.remote.service.DriverCommandExecutor.invokeExecute(DriverCommandExecutor.java:167)
at org.openqa.selenium.remote.service.DriverCommandExecutor.execute(DriverCommandExecutor.java:142)
at org.openqa.selenium.remote.RemoteWebDriver.execute(RemoteWebDriver.java:567)
at org.openqa.selenium.remote.RemoteWebElement.execute(RemoteWebElement.java:251)
at org.openqa.selenium.remote.RemoteWebElement.click(RemoteWebElement.java:77)
at com.dinamic.v3.test.pages.OMSPage.ordering(OMSPage.java:266)
at com.dinamic.v3.test.tescases.OrdersTestCase.ordersEntry(OrdersTestCase.java:57)
at java.base/jdk.internal.reflect.NativeMethodAccessorImpl.invoke0(Native Method)
at java.base/jdk.internal.reflect.NativeMethodAccessorImpl.invoke(NativeMethodAccessorImpl.java:77)
at java.base/jdk.internal.reflect.DelegatingMethodAccessorImpl.invoke(DelegatingMethodAccessorImpl.java:43)
at java.base/java.lang.reflect.Method.invoke(Method.java:568)
at org.testng.internal.MethodInvocationHelper.invokeMethod(MethodInvocationHelper.java:133)
at org.testng.internal.TestInvoker.invokeMethod(TestInvoker.java:598)
at org.testng.internal.TestInvoker.invokeTestMethod(TestInvoker.java:173)
at org.testng.internal.MethodRunner.runInSequence(MethodRunner.java:46)
at org.testng.internal.TestInvoker$MethodInvocationAgent.invoke(TestInvoker.java:824)
at org.testng.internal.TestInvoker.invokeTestMethods(TestInvoker.java:146)
at org.testng.internal.TestMethodWorker.invokeTestMethods(TestMethodWorker.java:146)
at org.testng.internal.TestMethodWorker.run(TestMethodWorker.java:128)
at java.base/java.util.ArrayList.forEach(ArrayList.java:1511)
at org.testng.TestRunner.privateRun(TestRunner.java:794)
at org.testng.TestRunner.run(TestRunner.java:596)
at org.testng.SuiteRunner.runTest(SuiteRunner.java:377)
at org.testng.SuiteRunner.runSequentially(SuiteRunner.java:371)
at org.testng.SuiteRunner.privateRun(SuiteRunner.java:332)
at org.testng.SuiteRunner.run(SuiteRunner.java:276)
at org.testng.SuiteRunnerWorker.runSuite(SuiteRunnerWorker.java:53)
at org.testng.SuiteRunnerWorker.run(SuiteRunnerWorker.java:96)
at org.testng.TestNG.runSuitesSequentially(TestNG.java:1212)
at org.testng.TestNG.runSuitesLocally(TestNG.java:1134)
at org.testng.TestNG.runSuites(TestNG.java:1063)
at org.testng.TestNG.run(TestNG.java:1031)
at org.testng.remote.AbstractRemoteTestNG.run(AbstractRemoteTestNG.java:115)
at org.testng.remote.RemoteTestNG.initAndRun(RemoteTestNG.java:251)
at org.testng.remote.RemoteTestNG.main(RemoteTestNG.java:77)
]]>
    </failure>
  </testcase> <!-- ordersEntry -->
  <testcase classname="com.dinamic.v3.test.tescases.OrdersTestCase" name="cancelOrder" time="0.0">
    <ignored/>
  </testcase> <!-- cancelOrder -->
  <testcase classname="com.dinamic.v3.test.tescases.OrdersTestCase" name="withItemDiscount" time="0.0">
    <ignored/>
  </testcase> <!-- withItemDiscount -->
  <testcase classname="com.dinamic.v3.test.tescases.OrdersTestCase" name="logout" time="0.0">
    <ignored/>
  </testcase> <!-- logout -->
  <testcase classname="com.dinamic.v3.test.tescases.OrdersTestCase" name="withoutItemDiscountPrice" time="0.0">
    <ignored/>
  </testcase> <!-- withoutItemDiscountPrice -->
  <testcase classname="com.dinamic.v3.test.tescases.OrdersTestCase" name="tableName" time="0.0">
    <ignored/>
  </testcase> <!-- tableName -->
  <testcase classname="com.dinamic.v3.test.tescases.OrdersTestCase" name="care" time="0.0">
    <ignored/>
  </testcase> <!-- care -->
  <testcase classname="com.dinamic.v3.test.tescases.OrdersTestCase" name="orderDiscount" time="0.0">
    <ignored/>
  </testcase> <!-- orderDiscount -->
</testsuite> <!-- Default test -->
