<?xml version="1.0" encoding="UTF-8"?>
<!-- Generated by org.testng.reporters.JUnitXMLReporter -->
<testsuite ignored="1" hostname="DESKTOP-E21T489" failures="0" tests="4" name="Default test" time="43.764" errors="0" timestamp="2022-12-07T15:35:57 IST">
  <testcase classname="com.dinamic.v3.test.tescases.OrdersTestCase" name="log" time="0.307"/>
  <testcase classname="com.dinamic.v3.test.tescases.OrdersTestCase" name="ordersEntry" time="16.002"/>
  <testcase classname="com.dinamic.v3.test.tescases.OrdersTestCase" name="withoutItemDiscountPrice" time="0.122"/>
  <testcase classname="com.dinamic.v3.test.tescases.OrdersTestCase" name="withItemDiscount" time="22.31"/>
  <testcase classname="com.dinamic.v3.test.tescases.OrdersTestCase" name="logout" time="0.0">
    <ignored/>
  </testcase> <!-- logout -->
</testsuite> <!-- Default test -->
